# This is the CMakeCache file.
# For build in directory: /Users/vitorsousa/CLionProjects/da2324_pLP_student/cmake-build-debug
# It was generated by CMake: /Applications/CLion.app/Contents/bin/cmake/mac/x64/bin/cmake
# You can edit this file to change values found and used by cmake.
# If you do not want to change any of the values, simply exit the editor.
# If you do want to change a value, simply edit, save, and exit the editor.
# The syntax for the file is as follows:
# KEY:TYPE=VALUE
# KEY is the name of a variable in the cache.
# TYPE is a hint to GUIs for the type of VALUE, DO NOT EDIT TYPE!.
# VALUE is the current value for the KEY.

########################
# EXTERNAL cache entries
########################

//Builds the googlemock subproject
BUILD_GMOCK:BOOL=ON

//Path to a program.
CMAKE_ADDR2LINE:FILEPATH=CMAKE_ADDR2LINE-NOTFOUND

//Path to a program.
CMAKE_AR:FILEPATH=/Library/Developer/CommandLineTools/usr/bin/ar

//Choose the type of build, options are: None Debug Release RelWithDebInfo
// MinSizeRel ...
CMAKE_BUILD_TYPE:STRING=Debug

//Enable colored diagnostics throughout.
CMAKE_COLOR_DIAGNOSTICS:BOOL=ON

//CXX compiler
CMAKE_CXX_COMPILER:FILEPATH=/Library/Developer/CommandLineTools/usr/bin/c++

//Flags used by the CXX compiler during all build types.
CMAKE_CXX_FLAGS:STRING=

//Flags used by the CXX compiler during DEBUG builds.
CMAKE_CXX_FLAGS_DEBUG:STRING=-g

//Flags used by the CXX compiler during MINSIZEREL builds.
CMAKE_CXX_FLAGS_MINSIZEREL:STRING=-Os -DNDEBUG

//Flags used by the CXX compiler during RELEASE builds.
CMAKE_CXX_FLAGS_RELEASE:STRING=-O3 -DNDEBUG

//Flags used by the CXX compiler during RELWITHDEBINFO builds.
CMAKE_CXX_FLAGS_RELWITHDEBINFO:STRING=-O2 -g -DNDEBUG

//C compiler
CMAKE_C_COMPILER:FILEPATH=/Library/Developer/CommandLineTools/usr/bin/cc

//Flags used by the C compiler during all build types.
CMAKE_C_FLAGS:STRING=

//Flags used by the C compiler during DEBUG builds.
CMAKE_C_FLAGS_DEBUG:STRING=-g

//Flags used by the C compiler during MINSIZEREL builds.
CMAKE_C_FLAGS_MINSIZEREL:STRING=-Os -DNDEBUG

//Flags used by the C compiler during RELEASE builds.
CMAKE_C_FLAGS_RELEASE:STRING=-O3 -DNDEBUG

//Flags used by the C compiler during RELWITHDEBINFO builds.
CMAKE_C_FLAGS_RELWITHDEBINFO:STRING=-O2 -g -DNDEBUG

//Path to a program.
CMAKE_DLLTOOL:FILEPATH=CMAKE_DLLTOOL-NOTFOUND

//Flags used by the linker during all build types.
CMAKE_EXE_LINKER_FLAGS:STRING=

//Flags used by the linker during DEBUG builds.
CMAKE_EXE_LINKER_FLAGS_DEBUG:STRING=

//Flags used by the linker during MINSIZEREL builds.
CMAKE_EXE_LINKER_FLAGS_MINSIZEREL:STRING=

//Flags used by the linker during RELEASE builds.
CMAKE_EXE_LINKER_FLAGS_RELEASE:STRING=

//Flags used by the linker during RELWITHDEBINFO builds.
CMAKE_EXE_LINKER_FLAGS_RELWITHDEBINFO:STRING=

//Enable/Disable output of compile commands during generation.
CMAKE_EXPORT_COMPILE_COMMANDS:BOOL=

//Value Computed by CMake.
CMAKE_FIND_PACKAGE_REDIRECTS_DIR:STATIC=/Users/vitorsousa/CLionProjects/da2324_pLP_student/cmake-build-debug/CMakeFiles/pkgRedirects

//User executables (bin)
CMAKE_INSTALL_BINDIR:PATH=bin

//Read-only architecture-independent data (DATAROOTDIR)
CMAKE_INSTALL_DATADIR:PATH=

//Read-only architecture-independent data root (share)
CMAKE_INSTALL_DATAROOTDIR:PATH=share

//Documentation root (DATAROOTDIR/doc/PROJECT_NAME)
CMAKE_INSTALL_DOCDIR:PATH=

//C header files (include)
CMAKE_INSTALL_INCLUDEDIR:PATH=include

//Info documentation (DATAROOTDIR/info)
CMAKE_INSTALL_INFODIR:PATH=

//Object code libraries (lib)
CMAKE_INSTALL_LIBDIR:PATH=lib

//Program executables (libexec)
CMAKE_INSTALL_LIBEXECDIR:PATH=libexec

//Locale-dependent data (DATAROOTDIR/locale)
CMAKE_INSTALL_LOCALEDIR:PATH=

//Modifiable single-machine data (var)
CMAKE_INSTALL_LOCALSTATEDIR:PATH=var

//Man documentation (DATAROOTDIR/man)
CMAKE_INSTALL_MANDIR:PATH=

//Path to a program.
CMAKE_INSTALL_NAME_TOOL:FILEPATH=/usr/bin/install_name_tool

//C header files for non-gcc (/usr/include)
CMAKE_INSTALL_OLDINCLUDEDIR:PATH=/usr/include

//Install path prefix, prepended onto install directories.
CMAKE_INSTALL_PREFIX:PATH=/usr/local

//Run-time variable data (LOCALSTATEDIR/run)
CMAKE_INSTALL_RUNSTATEDIR:PATH=

//System admin executables (sbin)
CMAKE_INSTALL_SBINDIR:PATH=sbin

//Modifiable architecture-independent data (com)
CMAKE_INSTALL_SHAREDSTATEDIR:PATH=com

//Read-only single-machine data (etc)
CMAKE_INSTALL_SYSCONFDIR:PATH=etc

//Path to a program.
CMAKE_LINKER:FILEPATH=/Library/Developer/CommandLineTools/usr/bin/ld

//No help, variable specified on the command line.
CMAKE_MAKE_PROGRAM:UNINITIALIZED=/Applications/CLion.app/Contents/bin/ninja/mac/x64/ninja

//Flags used by the linker during the creation of modules during
// all build types.
CMAKE_MODULE_LINKER_FLAGS:STRING=

//Flags used by the linker during the creation of modules during
// DEBUG builds.
CMAKE_MODULE_LINKER_FLAGS_DEBUG:STRING=

//Flags used by the linker during the creation of modules during
// MINSIZEREL builds.
CMAKE_MODULE_LINKER_FLAGS_MINSIZEREL:STRING=

//Flags used by the linker during the creation of modules during
// RELEASE builds.
CMAKE_MODULE_LINKER_FLAGS_RELEASE:STRING=

//Flags used by the linker during the creation of modules during
// RELWITHDEBINFO builds.
CMAKE_MODULE_LINKER_FLAGS_RELWITHDEBINFO:STRING=

//Path to a program.
CMAKE_NM:FILEPATH=/Library/Developer/CommandLineTools/usr/bin/nm

//Path to a program.
CMAKE_OBJCOPY:FILEPATH=CMAKE_OBJCOPY-NOTFOUND

//Path to a program.
CMAKE_OBJDUMP:FILEPATH=/Library/Developer/CommandLineTools/usr/bin/objdump

//Build architectures for OSX
CMAKE_OSX_ARCHITECTURES:STRING=

//Minimum OS X version to target for deployment (at runtime); newer
// APIs weak linked. Set to empty string for default value.
CMAKE_OSX_DEPLOYMENT_TARGET:STRING=

//The product will be built against the headers and libraries located
// inside the indicated SDK.
CMAKE_OSX_SYSROOT:PATH=/Library/Developer/CommandLineTools/SDKs/MacOSX11.3.sdk

//Value Computed by CMake
CMAKE_PROJECT_DESCRIPTION:STATIC=

//Value Computed by CMake
CMAKE_PROJECT_HOMEPAGE_URL:STATIC=

//Value Computed by CMake
CMAKE_PROJECT_NAME:STATIC=da2324_pLP_student

//Value Computed by CMake
CMAKE_PROJECT_VERSION:STATIC=1.14.0

//Value Computed by CMake
CMAKE_PROJECT_VERSION_MAJOR:STATIC=1

//Value Computed by CMake
CMAKE_PROJECT_VERSION_MINOR:STATIC=14

//Value Computed by CMake
CMAKE_PROJECT_VERSION_PATCH:STATIC=0

//Value Computed by CMake
CMAKE_PROJECT_VERSION_TWEAK:STATIC=

//Path to a program.
CMAKE_RANLIB:FILEPATH=/Library/Developer/CommandLineTools/usr/bin/ranlib

//Path to a program.
CMAKE_READELF:FILEPATH=CMAKE_READELF-NOTFOUND

//Flags used by the linker during the creation of shared libraries
// during all build types.
CMAKE_SHARED_LINKER_FLAGS:STRING=

//Flags used by the linker during the creation of shared libraries
// during DEBUG builds.
CMAKE_SHARED_LINKER_FLAGS_DEBUG:STRING=

//Flags used by the linker during the creation of shared libraries
// during MINSIZEREL builds.
CMAKE_SHARED_LINKER_FLAGS_MINSIZEREL:STRING=

//Flags used by the linker during the creation of shared libraries
// during RELEASE builds.
CMAKE_SHARED_LINKER_FLAGS_RELEASE:STRING=

//Flags used by the linker during the creation of shared libraries
// during RELWITHDEBINFO builds.
CMAKE_SHARED_LINKER_FLAGS_RELWITHDEBINFO:STRING=

//If set, runtime paths are not added when installing shared libraries,
// but are added when building.
CMAKE_SKIP_INSTALL_RPATH:BOOL=NO

//If set, runtime paths are not added when using shared libraries.
CMAKE_SKIP_RPATH:BOOL=NO

//Flags used by the linker during the creation of static libraries
// during all build types.
CMAKE_STATIC_LINKER_FLAGS:STRING=

//Flags used by the linker during the creation of static libraries
// during DEBUG builds.
CMAKE_STATIC_LINKER_FLAGS_DEBUG:STRING=

//Flags used by the linker during the creation of static libraries
// during MINSIZEREL builds.
CMAKE_STATIC_LINKER_FLAGS_MINSIZEREL:STRING=

//Flags used by the linker during the creation of static libraries
// during RELEASE builds.
CMAKE_STATIC_LINKER_FLAGS_RELEASE:STRING=

//Flags used by the linker during the creation of static libraries
// during RELWITHDEBINFO builds.
CMAKE_STATIC_LINKER_FLAGS_RELWITHDEBINFO:STRING=

//Path to a program.
CMAKE_STRIP:FILEPATH=/Library/Developer/CommandLineTools/usr/bin/strip

//Path to a program.
CMAKE_TAPI:FILEPATH=/Library/Developer/CommandLineTools/usr/bin/tapi

//No help, variable specified on the command line.
CMAKE_TOOLCHAIN_FILE:UNINITIALIZED=/Users/vitorsousa/.vcpkg-clion/vcpkg/scripts/buildsystems/vcpkg.cmake

//If this value is on, makefiles will be generated without the
// .SILENT directive, and all commands will be echoed to the console
// during the make.  This is useful for debugging only. With Visual
// Studio IDE projects all commands are done without /nologo.
CMAKE_VERBOSE_MAKEFILE:BOOL=FALSE

//The directory containing a CMake configuration file for Cbc.
Cbc_DIR:PATH=/usr/local/lib/cmake/Cbc

//The directory containing a CMake configuration file for Cgl.
Cgl_DIR:PATH=/usr/local/lib/cmake/Cgl

//The directory containing a CMake configuration file for Clp.
Clp_DIR:PATH=/usr/local/lib/cmake/Clp

//The directory containing a CMake configuration file for CoinUtils.
CoinUtils_DIR:PATH=/usr/local/lib/cmake/CoinUtils

//The directory containing a CMake configuration file for Eigen3.
Eigen3_DIR:PATH=/usr/local/share/eigen3/cmake

//Use Abseil and RE2. Requires Abseil and RE2 to be separately
// added to the build.
GTEST_HAS_ABSL:BOOL=OFF

//Enable installation of googletest. (Projects embedding googletest
// may want to turn this OFF.)
INSTALL_GTEST:BOOL=ON

//The directory containing a CMake configuration file for Osi.
Osi_DIR:PATH=/usr/local/lib/cmake/Osi

//The directory containing a CMake configuration file for Protobuf.
Protobuf_DIR:PATH=/usr/local/lib/cmake/protobuf

//Path to a file.
Protobuf_INCLUDE_DIR:PATH=/usr/local/include

//Path to a library.
Protobuf_LIBRARY_DEBUG:FILEPATH=/usr/local/lib/libprotobuf.dylib

//Path to a library.
Protobuf_LIBRARY_RELEASE:FILEPATH=/usr/local/lib/libprotobuf.dylib

//Path to a library.
Protobuf_LITE_LIBRARY_DEBUG:FILEPATH=/usr/local/lib/libprotobuf-lite.dylib

//Path to a library.
Protobuf_LITE_LIBRARY_RELEASE:FILEPATH=/usr/local/lib/libprotobuf-lite.dylib

//The Google Protocol Buffers Compiler
Protobuf_PROTOC_EXECUTABLE:FILEPATH=/usr/local/bin/protoc

//Path to a library.
Protobuf_PROTOC_LIBRARY_DEBUG:FILEPATH=/usr/local/lib/libprotoc.dylib

//Path to a library.
Protobuf_PROTOC_LIBRARY_RELEASE:FILEPATH=/usr/local/lib/libprotoc.dylib

//The directory containing a CMake configuration file for SCIP.
SCIP_DIR:PATH=/usr/local/lib/cmake/scip

//Automatically copy dependencies into the output directory for
// executables.
VCPKG_APPLOCAL_DEPS:BOOL=ON

//The directory which contains the installed libraries for each
// triplet
VCPKG_INSTALLED_DIR:PATH=/Users/vitorsousa/.vcpkg-clion/vcpkg/installed

//The path to the vcpkg manifest directory.
VCPKG_MANIFEST_DIR:PATH=

//Use manifest mode, as opposed to classic mode.
VCPKG_MANIFEST_MODE:BOOL=OFF

//Appends the vcpkg paths to CMAKE_PREFIX_PATH, CMAKE_LIBRARY_PATH
// and CMAKE_FIND_ROOT_PATH so that vcpkg libraries/packages are
// found after toolchain/system libraries/packages.
VCPKG_PREFER_SYSTEM_LIBS:BOOL=OFF

//Enable the setup of CMAKE_PROGRAM_PATH to vcpkg paths
VCPKG_SETUP_CMAKE_PROGRAM_PATH:BOOL=ON

//Vcpkg target triplet (ex. x86-windows)
VCPKG_TARGET_TRIPLET:STRING=x64-osx

//Trace calls to find_package()
VCPKG_TRACE_FIND_PACKAGE:BOOL=OFF

//Enables messages from the VCPKG toolchain for debugging purposes.
VCPKG_VERBOSE:BOOL=OFF

//(experimental) Automatically copy dependencies into the install
// target directory for executables. Requires CMake 3.14.
X_VCPKG_APPLOCAL_DEPS_INSTALL:BOOL=OFF

//(experimental) Add USES_TERMINAL to VCPKG_APPLOCAL_DEPS to force
// serialization.
X_VCPKG_APPLOCAL_DEPS_SERIALIZED:BOOL=OFF

//Path to a file.
ZLIB_INCLUDE_DIR:PATH=/Library/Developer/CommandLineTools/SDKs/MacOSX11.3.sdk/usr/include

//Path to a library.
ZLIB_LIBRARY_DEBUG:FILEPATH=ZLIB_LIBRARY_DEBUG-NOTFOUND

//Path to a library.
ZLIB_LIBRARY_RELEASE:FILEPATH=/Library/Developer/CommandLineTools/SDKs/MacOSX11.3.sdk/usr/lib/libz.tbd

//Path to a program.
Z_VCPKG_CL:FILEPATH=Z_VCPKG_CL-NOTFOUND

//The directory which contains the installed libraries for each
// triplet
_VCPKG_INSTALLED_DIR:PATH=/Users/vitorsousa/.vcpkg-clion/vcpkg/installed

//The directory containing a CMake configuration file for absl.
absl_DIR:PATH=/usr/local/lib/cmake/absl

//Value Computed by CMake
da2324_pLP_student_BINARY_DIR:STATIC=/Users/vitorsousa/CLionProjects/da2324_pLP_student/cmake-build-debug

//Value Computed by CMake
da2324_pLP_student_IS_TOP_LEVEL:STATIC=ON

//Value Computed by CMake
da2324_pLP_student_SOURCE_DIR:STATIC=/Users/vitorsousa/CLionProjects/da2324_pLP_student

//Value Computed by CMake
gmock_BINARY_DIR:STATIC=/Users/vitorsousa/CLionProjects/da2324_pLP_student/cmake-build-debug/lib/googletest/googlemock

//Value Computed by CMake
gmock_IS_TOP_LEVEL:STATIC=OFF

//Value Computed by CMake
gmock_SOURCE_DIR:STATIC=/Users/vitorsousa/CLionProjects/da2324_pLP_student/lib/googletest/googlemock

//Build all of Google Mock's own tests.
gmock_build_tests:BOOL=OFF

//Value Computed by CMake
googletest-distribution_BINARY_DIR:STATIC=/Users/vitorsousa/CLionProjects/da2324_pLP_student/cmake-build-debug/lib/googletest

//Value Computed by CMake
googletest-distribution_IS_TOP_LEVEL:STATIC=OFF

//Value Computed by CMake
googletest-distribution_SOURCE_DIR:STATIC=/Users/vitorsousa/CLionProjects/da2324_pLP_student/lib/googletest

//Value Computed by CMake
gtest_BINARY_DIR:STATIC=/Users/vitorsousa/CLionProjects/da2324_pLP_student/cmake-build-debug/lib/googletest/googletest

//Value Computed by CMake
gtest_IS_TOP_LEVEL:STATIC=OFF

//Value Computed by CMake
gtest_SOURCE_DIR:STATIC=/Users/vitorsousa/CLionProjects/da2324_pLP_student/lib/googletest/googletest

//Build gtest's sample programs.
gtest_build_samples:BOOL=OFF

//Build all of gtest's own tests.
gtest_build_tests:BOOL=OFF

//Disable uses of pthreads in gtest.
gtest_disable_pthreads:BOOL=OFF

//Use shared (DLL) run-time lib even when Google Test is built
// as static lib.
gtest_force_shared_crt:BOOL=OFF

//Build gtest with internal symbols hidden in shared libraries.
gtest_hide_internal_symbols:BOOL=OFF

//The directory containing a CMake configuration file for highs.
highs_DIR:PATH=/usr/local/lib/cmake/highs

//The directory containing a CMake configuration file for ortools.
ortools_DIR:PATH=/usr/local/lib/cmake/ortools

//CMake built-in FindProtobuf.cmake module compatible
protobuf_MODULE_COMPATIBLE:BOOL=OFF

//Enable for verbose output
protobuf_VERBOSE:BOOL=OFF

//The directory containing a CMake configuration file for re2.
re2_DIR:PATH=/usr/local/lib/cmake/re2

//The directory containing a CMake configuration file for utf8_range.
utf8_range_DIR:PATH=/usr/local/lib/cmake/utf8_range


########################
# INTERNAL cache entries
########################

//ADVANCED property for variable: CMAKE_ADDR2LINE
CMAKE_ADDR2LINE-ADVANCED:INTERNAL=1
//ADVANCED property for variable: CMAKE_AR
CMAKE_AR-ADVANCED:INTERNAL=1
//This is the directory where this CMakeCache.txt was created
CMAKE_CACHEFILE_DIR:INTERNAL=/Users/vitorsousa/CLionProjects/da2324_pLP_student/cmake-build-debug
//Major version of cmake used to create the current loaded cache
CMAKE_CACHE_MAJOR_VERSION:INTERNAL=3
//Minor version of cmake used to create the current loaded cache
CMAKE_CACHE_MINOR_VERSION:INTERNAL=28
//Patch version of cmake used to create the current loaded cache
CMAKE_CACHE_PATCH_VERSION:INTERNAL=1
//Path to CMake executable.
CMAKE_COMMAND:INTERNAL=/Applications/CLion.app/Contents/bin/cmake/mac/x64/bin/cmake
//Path to cpack program executable.
CMAKE_CPACK_COMMAND:INTERNAL=/Applications/CLion.app/Contents/bin/cmake/mac/x64/bin/cpack
//Path to ctest program executable.
CMAKE_CTEST_COMMAND:INTERNAL=/Applications/CLion.app/Contents/bin/cmake/mac/x64/bin/ctest
//ADVANCED property for variable: CMAKE_CXX_COMPILER
CMAKE_CXX_COMPILER-ADVANCED:INTERNAL=1
//ADVANCED property for variable: CMAKE_CXX_FLAGS
CMAKE_CXX_FLAGS-ADVANCED:INTERNAL=1
//ADVANCED property for variable: CMAKE_CXX_FLAGS_DEBUG
CMAKE_CXX_FLAGS_DEBUG-ADVANCED:INTERNAL=1
//ADVANCED property for variable: CMAKE_CXX_FLAGS_MINSIZEREL
CMAKE_CXX_FLAGS_MINSIZEREL-ADVANCED:INTERNAL=1
//ADVANCED property for variable: CMAKE_CXX_FLAGS_RELEASE
CMAKE_CXX_FLAGS_RELEASE-ADVANCED:INTERNAL=1
//ADVANCED property for variable: CMAKE_CXX_FLAGS_RELWITHDEBINFO
CMAKE_CXX_FLAGS_RELWITHDEBINFO-ADVANCED:INTERNAL=1
//ADVANCED property for variable: CMAKE_C_COMPILER
CMAKE_C_COMPILER-ADVANCED:INTERNAL=1
//ADVANCED property for variable: CMAKE_C_FLAGS
CMAKE_C_FLAGS-ADVANCED:INTERNAL=1
//ADVANCED property for variable: CMAKE_C_FLAGS_DEBUG
CMAKE_C_FLAGS_DEBUG-ADVANCED:INTERNAL=1
//ADVANCED property for variable: CMAKE_C_FLAGS_MINSIZEREL
CMAKE_C_FLAGS_MINSIZEREL-ADVANCED:INTERNAL=1
//ADVANCED property for variable: CMAKE_C_FLAGS_RELEASE
CMAKE_C_FLAGS_RELEASE-ADVANCED:INTERNAL=1
//ADVANCED property for variable: CMAKE_C_FLAGS_RELWITHDEBINFO
CMAKE_C_FLAGS_RELWITHDEBINFO-ADVANCED:INTERNAL=1
//ADVANCED property for variable: CMAKE_DLLTOOL
CMAKE_DLLTOOL-ADVANCED:INTERNAL=1
//Executable file format
CMAKE_EXECUTABLE_FORMAT:INTERNAL=MACHO
//ADVANCED property for variable: CMAKE_EXE_LINKER_FLAGS
CMAKE_EXE_LINKER_FLAGS-ADVANCED:INTERNAL=1
//ADVANCED property for variable: CMAKE_EXE_LINKER_FLAGS_DEBUG
CMAKE_EXE_LINKER_FLAGS_DEBUG-ADVANCED:INTERNAL=1
//ADVANCED property for variable: CMAKE_EXE_LINKER_FLAGS_MINSIZEREL
CMAKE_EXE_LINKER_FLAGS_MINSIZEREL-ADVANCED:INTERNAL=1
//ADVANCED property for variable: CMAKE_EXE_LINKER_FLAGS_RELEASE
CMAKE_EXE_LINKER_FLAGS_RELEASE-ADVANCED:INTERNAL=1
//ADVANCED property for variable: CMAKE_EXE_LINKER_FLAGS_RELWITHDEBINFO
CMAKE_EXE_LINKER_FLAGS_RELWITHDEBINFO-ADVANCED:INTERNAL=1
//ADVANCED property for variable: CMAKE_EXPORT_COMPILE_COMMANDS
CMAKE_EXPORT_COMPILE_COMMANDS-ADVANCED:INTERNAL=1
//Name of external makefile project generator.
CMAKE_EXTRA_GENERATOR:INTERNAL=
//Name of generator.
CMAKE_GENERATOR:INTERNAL=Ninja
//Generator instance identifier.
CMAKE_GENERATOR_INSTANCE:INTERNAL=
//Name of generator platform.
CMAKE_GENERATOR_PLATFORM:INTERNAL=
//Name of generator toolset.
CMAKE_GENERATOR_TOOLSET:INTERNAL=
//Test CMAKE_HAVE_LIBC_PTHREAD
CMAKE_HAVE_LIBC_PTHREAD:INTERNAL=1
//Source directory with the top level CMakeLists.txt file for this
// project
CMAKE_HOME_DIRECTORY:INTERNAL=/Users/vitorsousa/CLionProjects/da2324_pLP_student
//ADVANCED property for variable: CMAKE_INSTALL_BINDIR
CMAKE_INSTALL_BINDIR-ADVANCED:INTERNAL=1
//ADVANCED property for variable: CMAKE_INSTALL_DATADIR
CMAKE_INSTALL_DATADIR-ADVANCED:INTERNAL=1
//ADVANCED property for variable: CMAKE_INSTALL_DATAROOTDIR
CMAKE_INSTALL_DATAROOTDIR-ADVANCED:INTERNAL=1
//ADVANCED property for variable: CMAKE_INSTALL_DOCDIR
CMAKE_INSTALL_DOCDIR-ADVANCED:INTERNAL=1
//ADVANCED property for variable: CMAKE_INSTALL_INCLUDEDIR
CMAKE_INSTALL_INCLUDEDIR-ADVANCED:INTERNAL=1
//ADVANCED property for variable: CMAKE_INSTALL_INFODIR
CMAKE_INSTALL_INFODIR-ADVANCED:INTERNAL=1
//ADVANCED property for variable: CMAKE_INSTALL_LIBDIR
CMAKE_INSTALL_LIBDIR-ADVANCED:INTERNAL=1
//ADVANCED property for variable: CMAKE_INSTALL_LIBEXECDIR
CMAKE_INSTALL_LIBEXECDIR-ADVANCED:INTERNAL=1
//ADVANCED property for variable: CMAKE_INSTALL_LOCALEDIR
CMAKE_INSTALL_LOCALEDIR-ADVANCED:INTERNAL=1
//ADVANCED property for variable: CMAKE_INSTALL_LOCALSTATEDIR
CMAKE_INSTALL_LOCALSTATEDIR-ADVANCED:INTERNAL=1
//ADVANCED property for variable: CMAKE_INSTALL_MANDIR
CMAKE_INSTALL_MANDIR-ADVANCED:INTERNAL=1
//ADVANCED property for variable: CMAKE_INSTALL_NAME_TOOL
CMAKE_INSTALL_NAME_TOOL-ADVANCED:INTERNAL=1
//ADVANCED property for variable: CMAKE_INSTALL_OLDINCLUDEDIR
CMAKE_INSTALL_OLDINCLUDEDIR-ADVANCED:INTERNAL=1
//ADVANCED property for variable: CMAKE_INSTALL_RUNSTATEDIR
CMAKE_INSTALL_RUNSTATEDIR-ADVANCED:INTERNAL=1
//ADVANCED property for variable: CMAKE_INSTALL_SBINDIR
CMAKE_INSTALL_SBINDIR-ADVANCED:INTERNAL=1
//ADVANCED property for variable: CMAKE_INSTALL_SHAREDSTATEDIR
CMAKE_INSTALL_SHAREDSTATEDIR-ADVANCED:INTERNAL=1
//ADVANCED property for variable: CMAKE_INSTALL_SYSCONFDIR
CMAKE_INSTALL_SYSCONFDIR-ADVANCED:INTERNAL=1
//ADVANCED property for variable: CMAKE_LINKER
CMAKE_LINKER-ADVANCED:INTERNAL=1
//ADVANCED property for variable: CMAKE_MODULE_LINKER_FLAGS
CMAKE_MODULE_LINKER_FLAGS-ADVANCED:INTERNAL=1
//ADVANCED property for variable: CMAKE_MODULE_LINKER_FLAGS_DEBUG
CMAKE_MODULE_LINKER_FLAGS_DEBUG-ADVANCED:INTERNAL=1
//ADVANCED property for variable: CMAKE_MODULE_LINKER_FLAGS_MINSIZEREL
CMAKE_MODULE_LINKER_FLAGS_MINSIZEREL-ADVANCED:INTERNAL=1
//ADVANCED property for variable: CMAKE_MODULE_LINKER_FLAGS_RELEASE
CMAKE_MODULE_LINKER_FLAGS_RELEASE-ADVANCED:INTERNAL=1
//ADVANCED property for variable: CMAKE_MODULE_LINKER_FLAGS_RELWITHDEBINFO
CMAKE_MODULE_LINKER_FLAGS_RELWITHDEBINFO-ADVANCED:INTERNAL=1
//ADVANCED property for variable: CMAKE_NM
CMAKE_NM-ADVANCED:INTERNAL=1
//number of local generators
CMAKE_NUMBER_OF_MAKEFILES:INTERNAL=4
//ADVANCED property for variable: CMAKE_OBJCOPY
CMAKE_OBJCOPY-ADVANCED:INTERNAL=1
//ADVANCED property for variable: CMAKE_OBJDUMP
CMAKE_OBJDUMP-ADVANCED:INTERNAL=1
//Platform information initialized
CMAKE_PLATFORM_INFO_INITIALIZED:INTERNAL=1
//ADVANCED property for variable: CMAKE_RANLIB
CMAKE_RANLIB-ADVANCED:INTERNAL=1
//ADVANCED property for variable: CMAKE_READELF
CMAKE_READELF-ADVANCED:INTERNAL=1
//Path to CMake installation.
CMAKE_ROOT:INTERNAL=/Applications/CLion.app/Contents/bin/cmake/mac/x64/share/cmake-3.28
//ADVANCED property for variable: CMAKE_SHARED_LINKER_FLAGS
CMAKE_SHARED_LINKER_FLAGS-ADVANCED:INTERNAL=1
//ADVANCED property for variable: CMAKE_SHARED_LINKER_FLAGS_DEBUG
CMAKE_SHARED_LINKER_FLAGS_DEBUG-ADVANCED:INTERNAL=1
//ADVANCED property for variable: CMAKE_SHARED_LINKER_FLAGS_MINSIZEREL
CMAKE_SHARED_LINKER_FLAGS_MINSIZEREL-ADVANCED:INTERNAL=1
//ADVANCED property for variable: CMAKE_SHARED_LINKER_FLAGS_RELEASE
CMAKE_SHARED_LINKER_FLAGS_RELEASE-ADVANCED:INTERNAL=1
//ADVANCED property for variable: CMAKE_SHARED_LINKER_FLAGS_RELWITHDEBINFO
CMAKE_SHARED_LINKER_FLAGS_RELWITHDEBINFO-ADVANCED:INTERNAL=1
//ADVANCED property for variable: CMAKE_SKIP_INSTALL_RPATH
CMAKE_SKIP_INSTALL_RPATH-ADVANCED:INTERNAL=1
//ADVANCED property for variable: CMAKE_SKIP_RPATH
CMAKE_SKIP_RPATH-ADVANCED:INTERNAL=1
//ADVANCED property for variable: CMAKE_STATIC_LINKER_FLAGS
CMAKE_STATIC_LINKER_FLAGS-ADVANCED:INTERNAL=1
//ADVANCED property for variable: CMAKE_STATIC_LINKER_FLAGS_DEBUG
CMAKE_STATIC_LINKER_FLAGS_DEBUG-ADVANCED:INTERNAL=1
//ADVANCED property for variable: CMAKE_STATIC_LINKER_FLAGS_MINSIZEREL
CMAKE_STATIC_LINKER_FLAGS_MINSIZEREL-ADVANCED:INTERNAL=1
//ADVANCED property for variable: CMAKE_STATIC_LINKER_FLAGS_RELEASE
CMAKE_STATIC_LINKER_FLAGS_RELEASE-ADVANCED:INTERNAL=1
//ADVANCED property for variable: CMAKE_STATIC_LINKER_FLAGS_RELWITHDEBINFO
CMAKE_STATIC_LINKER_FLAGS_RELWITHDEBINFO-ADVANCED:INTERNAL=1
//ADVANCED property for variable: CMAKE_STRIP
CMAKE_STRIP-ADVANCED:INTERNAL=1
//ADVANCED property for variable: CMAKE_TAPI
CMAKE_TAPI-ADVANCED:INTERNAL=1
//ADVANCED property for variable: CMAKE_TOOLCHAIN_FILE
CMAKE_TOOLCHAIN_FILE-ADVANCED:INTERNAL=1
//uname command
CMAKE_UNAME:INTERNAL=/usr/bin/uname
//ADVANCED property for variable: CMAKE_VERBOSE_MAKEFILE
CMAKE_VERBOSE_MAKEFILE-ADVANCED:INTERNAL=1
//Details about finding Protobuf
FIND_PACKAGE_MESSAGE_DETAILS_Protobuf:INTERNAL=[/usr/local/lib/libprotobuf.dylib][/usr/local/include][v5.26.1()]
//Details about finding Python3
FIND_PACKAGE_MESSAGE_DETAILS_Python3:INTERNAL=[/Users/vitorsousa/.pyenv/shims/python3.11][cfound components: Interpreter ][v3.11.1()]
//Details about finding Threads
FIND_PACKAGE_MESSAGE_DETAILS_Threads:INTERNAL=[TRUE][v()]
//ADVANCED property for variable: Protobuf_INCLUDE_DIR
Protobuf_INCLUDE_DIR-ADVANCED:INTERNAL=1
//ADVANCED property for variable: Protobuf_LIBRARY_DEBUG
Protobuf_LIBRARY_DEBUG-ADVANCED:INTERNAL=1
//ADVANCED property for variable: Protobuf_LIBRARY_RELEASE
Protobuf_LIBRARY_RELEASE-ADVANCED:INTERNAL=1
//ADVANCED property for variable: Protobuf_LITE_LIBRARY_DEBUG
Protobuf_LITE_LIBRARY_DEBUG-ADVANCED:INTERNAL=1
//ADVANCED property for variable: Protobuf_LITE_LIBRARY_RELEASE
Protobuf_LITE_LIBRARY_RELEASE-ADVANCED:INTERNAL=1
//ADVANCED property for variable: Protobuf_PROTOC_EXECUTABLE
Protobuf_PROTOC_EXECUTABLE-ADVANCED:INTERNAL=1
//ADVANCED property for variable: Protobuf_PROTOC_LIBRARY_DEBUG
Protobuf_PROTOC_LIBRARY_DEBUG-ADVANCED:INTERNAL=1
//ADVANCED property for variable: Protobuf_PROTOC_LIBRARY_RELEASE
Protobuf_PROTOC_LIBRARY_RELEASE-ADVANCED:INTERNAL=1
//Install the dependencies listed in your manifest:
//\n    If this is off, you will have to manually install your dependencies.
//\n    See https://github.com/microsoft/vcpkg/tree/master/docs/specifications/manifests.md
// for more info.
//\n
VCPKG_MANIFEST_INSTALL:INTERNAL=OFF
//ADVANCED property for variable: VCPKG_VERBOSE
VCPKG_VERBOSE-ADVANCED:INTERNAL=1
//ADVANCED property for variable: ZLIB_INCLUDE_DIR
ZLIB_INCLUDE_DIR-ADVANCED:INTERNAL=1
//ADVANCED property for variable: ZLIB_LIBRARY_DEBUG
ZLIB_LIBRARY_DEBUG-ADVANCED:INTERNAL=1
//ADVANCED property for variable: ZLIB_LIBRARY_RELEASE
ZLIB_LIBRARY_RELEASE-ADVANCED:INTERNAL=1
//Making sure VCPKG_MANIFEST_MODE doesn't change
Z_VCPKG_CHECK_MANIFEST_MODE:INTERNAL=OFF
//Vcpkg root directory
Z_VCPKG_ROOT_DIR:INTERNAL=/Users/vitorsousa/.vcpkg-clion/vcpkg
//CMAKE_INSTALL_PREFIX during last run
_GNUInstallDirs_LAST_CMAKE_INSTALL_PREFIX:INTERNAL=/usr/local
//Compiler reason failure
_Python3_Compiler_REASON_FAILURE:INTERNAL=
//Development reason failure
_Python3_Development_REASON_FAILURE:INTERNAL=
//Path to a program.
_Python3_EXECUTABLE:INTERNAL=/Users/vitorsousa/.pyenv/shims/python3.11
//Python3 Properties
_Python3_INTERPRETER_PROPERTIES:INTERNAL=Python;3;11;1;64;32;;cpython-311-darwin;abi3;/Users/vitorsousa/.pyenv/versions/3.11.1/lib/python3.11;/Users/vitorsousa/.pyenv/versions/3.11.1/lib/python3.11;/Users/vitorsousa/.pyenv/versions/3.11.1/lib/python3.11/site-packages;/Users/vitorsousa/.pyenv/versions/3.11.1/lib/python3.11/site-packages
_Python3_INTERPRETER_SIGNATURE:INTERNAL=0b5c4e4efa58719157cda1d88ae80326
//NumPy reason failure
_Python3_NumPy_REASON_FAILURE:INTERNAL=
cmake_package_name:INTERNAL=GTest
generated_dir:INTERNAL=/Users/vitorsousa/CLionProjects/da2324_pLP_student/cmake-build-debug/lib/googletest/googletest/generated
//ADVANCED property for variable: gmock_build_tests
gmock_build_tests-ADVANCED:INTERNAL=1
//ADVANCED property for variable: gtest_build_samples
gtest_build_samples-ADVANCED:INTERNAL=1
//ADVANCED property for variable: gtest_build_tests
gtest_build_tests-ADVANCED:INTERNAL=1
//ADVANCED property for variable: gtest_disable_pthreads
gtest_disable_pthreads-ADVANCED:INTERNAL=1
//ADVANCED property for variable: gtest_force_shared_crt
gtest_force_shared_crt-ADVANCED:INTERNAL=1
//ADVANCED property for variable: gtest_hide_internal_symbols
gtest_hide_internal_symbols-ADVANCED:INTERNAL=1
//ADVANCED property for variable: protobuf_MODULE_COMPATIBLE
protobuf_MODULE_COMPATIBLE-ADVANCED:INTERNAL=1
//ADVANCED property for variable: protobuf_VERBOSE
protobuf_VERBOSE-ADVANCED:INTERNAL=1
targets_export_name:INTERNAL=GTestTargets

